<?xml version="1.0" encoding="UTF-8"?>
<testsuite name="PizzaOrderDAO_Test" tests="6" skipped="0" failures="0" errors="0" timestamp="2022-02-04T14:45:41" hostname="TIM-N468" time="2.567">
  <properties/>
  <testcase name="create()" classname="PizzaOrderDAO_Test" time="0.432"/>
  <testcase name="delete()" classname="PizzaOrderDAO_Test" time="0.436"/>
  <testcase name="update()" classname="PizzaOrderDAO_Test" time="0.427"/>
  <testcase name="get()" classname="PizzaOrderDAO_Test" time="0.422"/>
  <testcase name="find()" classname="PizzaOrderDAO_Test" time="0.424"/>
  <testcase name="list()" classname="PizzaOrderDAO_Test" time="0.425"/>
  <system-out><![CDATA[]]></system-out>
  <system-err><![CDATA[]]></system-err>
</testsuite>
