<?xml version="1.0" encoding="UTF-8"?>
<testsuite name="PizzaDAO_Test" tests="7" skipped="0" failures="0" errors="0" timestamp="2022-01-20T11:56:31" hostname="TIM-N468" time="2.986">
  <properties/>
  <testcase name="create()" classname="PizzaDAO_Test" time="0.423"/>
  <testcase name="delete()" classname="PizzaDAO_Test" time="0.448"/>
  <testcase name="update()" classname="PizzaDAO_Test" time="0.426"/>
  <testcase name="get()" classname="PizzaDAO_Test" time="0.421"/>
  <testcase name="find()" classname="PizzaDAO_Test" time="0.423"/>
  <testcase name="list()" classname="PizzaDAO_Test" time="0.424"/>
  <testcase name="save()" classname="PizzaDAO_Test" time="0.421"/>
  <system-out><![CDATA[]]></system-out>
  <system-err><![CDATA[]]></system-err>
</testsuite>
