<?xml version="1.0" encoding="UTF-8"?>
<testsuite name="OrderDAO_Test" tests="7" skipped="0" failures="0" errors="0" timestamp="2022-01-20T11:56:28" hostname="TIM-N468" time="3.189">
  <properties/>
  <testcase name="create()" classname="OrderDAO_Test" time="0.629"/>
  <testcase name="delete()" classname="OrderDAO_Test" time="0.434"/>
  <testcase name="update()" classname="OrderDAO_Test" time="0.425"/>
  <testcase name="get()" classname="OrderDAO_Test" time="0.424"/>
  <testcase name="find()" classname="OrderDAO_Test" time="0.427"/>
  <testcase name="list()" classname="OrderDAO_Test" time="0.424"/>
  <testcase name="save()" classname="OrderDAO_Test" time="0.424"/>
  <system-out><![CDATA[]]></system-out>
  <system-err><![CDATA[]]></system-err>
</testsuite>
