<?xml version="1.0" encoding="UTF-8"?>
<testsuite name="OrderServiceTest" tests="5" skipped="0" failures="0" errors="0" timestamp="2022-08-15T08:11:41" hostname="TIM-N468" time="2.104">
  <properties/>
  <testcase name="create()" classname="OrderServiceTest" time="0.426"/>
  <testcase name="delete()" classname="OrderServiceTest" time="0.425"/>
  <testcase name="update()" classname="OrderServiceTest" time="0.418"/>
  <testcase name="get()" classname="OrderServiceTest" time="0.418"/>
  <testcase name="list()" classname="OrderServiceTest" time="0.417"/>
  <system-out><![CDATA[]]></system-out>
  <system-err><![CDATA[]]></system-err>
</testsuite>
