<?xml version="1.0" encoding="UTF-8"?>
<testsuite name="PizzaOrderDAO_Test" tests="1" skipped="0" failures="0" errors="0" timestamp="2022-01-26T11:48:42" hostname="TIM-N468" time="0.643">
  <properties/>
  <testcase name="delete()" classname="PizzaOrderDAO_Test" time="0.643"/>
  <system-out><![CDATA[]]></system-out>
  <system-err><![CDATA[]]></system-err>
</testsuite>
