<?xml version="1.0" encoding="UTF-8"?>
<testsuite name="PizzaOrderDAO_Test" tests="6" skipped="0" failures="0" errors="0" timestamp="2022-08-15T08:11:46" hostname="TIM-N468" time="2.563">
  <properties/>
  <testcase name="create()" classname="PizzaOrderDAO_Test" time="0.431"/>
  <testcase name="delete()" classname="PizzaOrderDAO_Test" time="0.433"/>
  <testcase name="update()" classname="PizzaOrderDAO_Test" time="0.427"/>
  <testcase name="get()" classname="PizzaOrderDAO_Test" time="0.423"/>
  <testcase name="find()" classname="PizzaOrderDAO_Test" time="0.425"/>
  <testcase name="list()" classname="PizzaOrderDAO_Test" time="0.423"/>
  <system-out><![CDATA[]]></system-out>
  <system-err><![CDATA[]]></system-err>
</testsuite>
