<?xml version="1.0" encoding="UTF-8"?>
<testsuite name="PizzaOrderDAO_Test" tests="6" skipped="0" failures="0" errors="0" timestamp="2022-01-20T11:56:34" hostname="TIM-N468" time="2.582">
  <properties/>
  <testcase name="create()" classname="PizzaOrderDAO_Test" time="0.431"/>
  <testcase name="delete()" classname="PizzaOrderDAO_Test" time="0.429"/>
  <testcase name="update()" classname="PizzaOrderDAO_Test" time="0.426"/>
  <testcase name="get()" classname="PizzaOrderDAO_Test" time="0.432"/>
  <testcase name="find()" classname="PizzaOrderDAO_Test" time="0.431"/>
  <testcase name="list()" classname="PizzaOrderDAO_Test" time="0.431"/>
  <system-out><![CDATA[]]></system-out>
  <system-err><![CDATA[]]></system-err>
</testsuite>
